<?xml version="1.0" encoding="UTF-8"?>
<!-- Generated by org.testng.reporters.JUnitXMLReporter -->
<testsuite hostname="PC-201908251031" ignored="20" name="testing" tests="1" failures="1" timestamp="12 Oct 2019 06:08:51 GMT" time="0.055" errors="0">
  <testcase name="TC004" time="0.016" classname="TestJUnit.JUnitCategory">
    <failure type="java.lang.NullPointerException">
      <![CDATA[java.lang.NullPointerException
	at TestJUnit.JUnitCategory.TC004(JUnitCategory.java:91)
... Removed 25 stack frames]]>
    </failure>
  </testcase> <!-- TC004 -->
  <testcase name="TC020" time="0.0" classname="TestJUnit.JUnitCategory">
    <ignored/>
  </testcase> <!-- TC020 -->
  <testcase name="TC015" time="0.0" classname="TestJUnit.JUnitCategory">
    <ignored/>
  </testcase> <!-- TC015 -->
  <testcase name="TC008" time="0.0" classname="TestJUnit.JUnitCategory">
    <ignored/>
  </testcase> <!-- TC008 -->
  <testcase name="TC019" time="0.0" classname="TestJUnit.JUnitCategory">
    <ignored/>
  </testcase> <!-- TC019 -->
  <testcase name="TC009" time="0.0" classname="TestJUnit.JUnitCategory">
    <ignored/>
  </testcase> <!-- TC009 -->
  <testcase name="TC007" time="0.0" classname="TestJUnit.JUnitCategory">
    <ignored/>
  </testcase> <!-- TC007 -->
  <testcase name="TC018" time="0.0" classname="TestJUnit.JUnitCategory">
    <ignored/>
  </testcase> <!-- TC018 -->
  <testcase name="TC005" time="0.0" classname="TestJUnit.JUnitCategory">
    <ignored/>
  </testcase> <!-- TC005 -->
  <testcase name="TC016" time="0.0" classname="TestJUnit.JUnitCategory">
    <ignored/>
  </testcase> <!-- TC016 -->
  <testcase name="TC011" time="0.0" classname="TestJUnit.JUnitCategory">
    <ignored/>
  </testcase> <!-- TC011 -->
  <testcase name="TC003" time="0.0" classname="TestJUnit.JUnitCategory">
    <ignored/>
  </testcase> <!-- TC003 -->
  <testcase name="TC014" time="0.0" classname="TestJUnit.JUnitCategory">
    <ignored/>
  </testcase> <!-- TC014 -->
  <testcase name="TC006" time="0.0" classname="TestJUnit.JUnitCategory">
    <ignored/>
  </testcase> <!-- TC006 -->
  <testcase name="TC017" time="0.0" classname="TestJUnit.JUnitCategory">
    <ignored/>
  </testcase> <!-- TC017 -->
  <testcase name="TC001" time="0.0" classname="TestJUnit.JUnitCategory">
    <ignored/>
  </testcase> <!-- TC001 -->
  <testcase name="TC012" time="0.0" classname="TestJUnit.JUnitCategory">
    <ignored/>
  </testcase> <!-- TC012 -->
  <testcase name="TC010" time="0.0" classname="TestJUnit.JUnitCategory">
    <ignored/>
  </testcase> <!-- TC010 -->
  <testcase name="TC021" time="0.0" classname="TestJUnit.JUnitCategory">
    <ignored/>
  </testcase> <!-- TC021 -->
  <testcase name="TC002" time="0.0" classname="TestJUnit.JUnitCategory">
    <ignored/>
  </testcase> <!-- TC002 -->
  <testcase name="TC013" time="0.0" classname="TestJUnit.JUnitCategory">
    <ignored/>
  </testcase> <!-- TC013 -->
</testsuite> <!-- testing -->
